ffmpeg version 4.3.1-2020-11-19-essentials_build-www.gyan.dev Copyright (c) 2000-2020 the FFmpeg developers
  built with gcc 10.2.0 (Rev5, Built by MSYS2 project)
  configuration: --enable-gpl --enable-version3 --enable-static --disable-w32threads --disable-autodetect --enable-fontconfig --enable-iconv --enable-gnutls --enable-libxml2 --enable-gmp --enable-lzma --enable-zlib --enable-libsrt --enable-libssh --enable-libzmq --enable-avisynth --enable-sdl2 --enable-libwebp --enable-libx264 --enable-libx265 --enable-libxvid --enable-libaom --enable-libopenjpeg --enable-libvpx --enable-libass --enable-libfreetype --enable-libfribidi --enable-libvidstab --enable-libvmaf --enable-libzimg --enable-amf --enable-cuda-llvm --enable-cuvid --enable-ffnvcodec --enable-nvdec --enable-nvenc --enable-d3d11va --enable-dxva2 --enable-libmfx --enable-libgme --enable-libopenmpt --enable-libopencore-amrwb --enable-libmp3lame --enable-libtheora --enable-libvo-amrwbenc --enable-libgsm --enable-libopencore-amrnb --enable-libopus --enable-libspeex --enable-libvorbis --enable-librubberband
  libavutil      56. 51.100 / 56. 51.100
  libavcodec     58. 91.100 / 58. 91.100
  libavformat    58. 45.100 / 58. 45.100
  libavdevice    58. 10.100 / 58. 10.100
  libavfilter     7. 85.100 /  7. 85.100
  libswscale      5.  7.100 /  5.  7.100
  libswresample   3.  7.100 /  3.  7.100
  libpostproc    55.  7.100 / 55.  7.100
Splitting the commandline.
Reading option '-v' ... matched as option 'v' (set logging level) with argument 'debug'.
Reading option '-nostdin' ... matched as option 'stdin' (enable or disable interaction on standard input) with argument 0.
Reading option '-progress' ... matched as option 'progress' (write program-readable progress information) with argument 'C:/Users/Usuario/AppData/Local/Temp/KritaFFmpegProgress.kZpyef'.
Reading option '-r' ... matched as option 'r' (set frame rate (Hz value, fraction or abbreviation)) with argument '24'.
Reading option '-start_number' ... matched as AVOption 'start_number' with argument '0'.
Reading option '-i' ... matched as input url with argument 'C:/Users/Usuario/Desktop/EASDA/TERCER CURSO 2022-2023/Diseño Web/GitHub/bea3rys.github.io/Web Personal/carpetas/animaciones/gifs/frame%04d.png'.
Reading option '-vf' ... matched as option 'vf' (set video filters) with argument 'palettegen'.
Reading option '-y' ... matched as option 'y' (overwrite output files) with argument '1'.
Reading option 'C:/Users/Usuario/Desktop/EASDA/TERCER CURSO 2022-2023/Diseño Web/GitHub/bea3rys.github.io/Web Personal/carpetas/animaciones/gifs/palette.png' ... matched as output url.
Finished splitting the commandline.
Parsing a group of options: global .
Applying option v (set logging level) with argument debug.
Applying option nostdin (enable or disable interaction on standard input) with argument 0.
Applying option progress (write program-readable progress information) with argument C:/Users/Usuario/AppData/Local/Temp/KritaFFmpegProgress.kZpyef.
[file @ 00000235016ddb80] Setting default whitelist 'file,crypto,data'
Applying option y (overwrite output files) with argument 1.
Successfully parsed a group of options.
Parsing a group of options: input url C:/Users/Usuario/Desktop/EASDA/TERCER CURSO 2022-2023/Diseño Web/GitHub/bea3rys.github.io/Web Personal/carpetas/animaciones/gifs/frame%04d.png.
Applying option r (set frame rate (Hz value, fraction or abbreviation)) with argument 24.
Successfully parsed a group of options.
Opening an input file: C:/Users/Usuario/Desktop/EASDA/TERCER CURSO 2022-2023/Diseño Web/GitHub/bea3rys.github.io/Web Personal/carpetas/animaciones/gifs/frame%04d.png.
[image2 @ 000002350171e700] Opening 'C:/Users/Usuario/Desktop/EASDA/TERCER CURSO 2022-2023/Diseño Web/GitHub/bea3rys.github.io/Web Personal/carpetas/animaciones/gifs/frame0000.png' for reading
[file @ 0000023501721e00] Setting default whitelist 'file,crypto,data'
[AVIOContext @ 000002350172a000] Statistics: 293142 bytes read, 0 seeks
[image2 @ 000002350171e700] Opening 'C:/Users/Usuario/Desktop/EASDA/TERCER CURSO 2022-2023/Diseño Web/GitHub/bea3rys.github.io/Web Personal/carpetas/animaciones/gifs/frame0001.png' for reading
[file @ 0000023501728440] Setting default whitelist 'file,crypto,data'
[AVIOContext @ 0000023501728600] Statistics: 293142 bytes read, 0 seeks
[image2 @ 000002350171e700] Opening 'C:/Users/Usuario/Desktop/EASDA/TERCER CURSO 2022-2023/Diseño Web/GitHub/bea3rys.github.io/Web Personal/carpetas/animaciones/gifs/frame0002.png' for reading
[file @ 0000023502337c00] Setting default whitelist 'file,crypto,data'
[AVIOContext @ 0000023502337dc0] Statistics: 293142 bytes read, 0 seeks
[image2 @ 000002350171e700] Opening 'C:/Users/Usuario/Desktop/EASDA/TERCER CURSO 2022-2023/Diseño Web/GitHub/bea3rys.github.io/Web Personal/carpetas/animaciones/gifs/frame0003.png' for reading
[file @ 0000023502337cc0] Setting default whitelist 'file,crypto,data'
[AVIOContext @ 000002350237f9c0] Statistics: 358775 bytes read, 0 seeks
[image2 @ 000002350171e700] Opening 'C:/Users/Usuario/Desktop/EASDA/TERCER CURSO 2022-2023/Diseño Web/GitHub/bea3rys.github.io/Web Personal/carpetas/animaciones/gifs/frame0004.png' for reading
[file @ 0000023502337cc0] Setting default whitelist 'file,crypto,data'
[AVIOContext @ 00000235023d7580] Statistics: 358775 bytes read, 0 seeks
[image2 @ 000002350171e700] Opening 'C:/Users/Usuario/Desktop/EASDA/TERCER CURSO 2022-2023/Diseño Web/GitHub/bea3rys.github.io/Web Personal/carpetas/animaciones/gifs/frame0005.png' for reading
[file @ 0000023502337cc0] Setting default whitelist 'file,crypto,data'
[AVIOContext @ 0000023501728480] Statistics: 358775 bytes read, 0 seeks
[image2 @ 000002350171e700] Opening 'C:/Users/Usuario/Desktop/EASDA/TERCER CURSO 2022-2023/Diseño Web/GitHub/bea3rys.github.io/Web Personal/carpetas/animaciones/gifs/frame0006.png' for reading
[file @ 0000023502337cc0] Setting default whitelist 'file,crypto,data'
[AVIOContext @ 0000023501728640] Statistics: 274799 bytes read, 0 seeks
[image2 @ 000002350171e700] Opening 'C:/Users/Usuario/Desktop/EASDA/TERCER CURSO 2022-2023/Diseño Web/GitHub/bea3rys.github.io/Web Personal/carpetas/animaciones/gifs/frame0007.png' for reading
[file @ 0000023502337cc0] Setting default whitelist 'file,crypto,data'
[AVIOContext @ 0000023501728800] Statistics: 274799 bytes read, 0 seeks
[image2 @ 000002350171e700] Opening 'C:/Users/Usuario/Desktop/EASDA/TERCER CURSO 2022-2023/Diseño Web/GitHub/bea3rys.github.io/Web Personal/carpetas/animaciones/gifs/frame0008.png' for reading
[file @ 0000023502337cc0] Setting default whitelist 'file,crypto,data'
[AVIOContext @ 00000235017289c0] Statistics: 274799 bytes read, 0 seeks
[image2 @ 000002350171e700] Opening 'C:/Users/Usuario/Desktop/EASDA/TERCER CURSO 2022-2023/Diseño Web/GitHub/bea3rys.github.io/Web Personal/carpetas/animaciones/gifs/frame0009.png' for reading
[file @ 0000023502337cc0] Setting default whitelist 'file,crypto,data'
[AVIOContext @ 0000023501729bc0] Statistics: 386634 bytes read, 0 seeks
[image2 @ 000002350171e700] Opening 'C:/Users/Usuario/Desktop/EASDA/TERCER CURSO 2022-2023/Diseño Web/GitHub/bea3rys.github.io/Web Personal/carpetas/animaciones/gifs/frame0010.png' for reading
[file @ 0000023501729bc0] Setting default whitelist 'file,crypto,data'
[AVIOContext @ 0000023501729d00] Statistics: 386634 bytes read, 0 seeks
[image2 @ 000002350171e700] Opening 'C:/Users/Usuario/Desktop/EASDA/TERCER CURSO 2022-2023/Diseño Web/GitHub/bea3rys.github.io/Web Personal/carpetas/animaciones/gifs/frame0011.png' for reading
[file @ 0000023501729bc0] Setting default whitelist 'file,crypto,data'
[AVIOContext @ 0000023501729d00] Statistics: 386634 bytes read, 0 seeks
[image2 @ 000002350171e700] Opening 'C:/Users/Usuario/Desktop/EASDA/TERCER CURSO 2022-2023/Diseño Web/GitHub/bea3rys.github.io/Web Personal/carpetas/animaciones/gifs/frame0012.png' for reading
[file @ 0000023501729bc0] Setting default whitelist 'file,crypto,data'
[AVIOContext @ 0000023501729d00] Statistics: 444574 bytes read, 0 seeks
[image2 @ 000002350171e700] Opening 'C:/Users/Usuario/Desktop/EASDA/TERCER CURSO 2022-2023/Diseño Web/GitHub/bea3rys.github.io/Web Personal/carpetas/animaciones/gifs/frame0013.png' for reading
[file @ 0000023501729bc0] Setting default whitelist 'file,crypto,data'
[AVIOContext @ 0000023501729d00] Statistics: 444574 bytes read, 0 seeks
[image2 @ 000002350171e700] Opening 'C:/Users/Usuario/Desktop/EASDA/TERCER CURSO 2022-2023/Diseño Web/GitHub/bea3rys.github.io/Web Personal/carpetas/animaciones/gifs/frame0014.png' for reading
[file @ 0000023501729bc0] Setting default whitelist 'file,crypto,data'
[AVIOContext @ 0000023501729d00] Statistics: 444574 bytes read, 0 seeks
[image2 @ 000002350171e700] Probe buffer size limit of 5000000 bytes reached
Input #0, image2, from 'C:/Users/Usuario/Desktop/EASDA/TERCER CURSO 2022-2023/Diseño Web/GitHub/bea3rys.github.io/Web Personal/carpetas/animaciones/gifs/frame%04d.png':
  Duration: 00:00:01.52, start: 0.000000, bitrate: N/A
    Stream #0:0, 15, 1/25: Video: png, 1 reference frame, rgba(pc), 1920x1080 [SAR 3937:3937 DAR 16:9], 0/1, 25 fps, 25 tbr, 25 tbn, 25 tbc
Successfully opened the file.
Parsing a group of options: output url C:/Users/Usuario/Desktop/EASDA/TERCER CURSO 2022-2023/Diseño Web/GitHub/bea3rys.github.io/Web Personal/carpetas/animaciones/gifs/palette.png.
Applying option vf (set video filters) with argument palettegen.
Successfully parsed a group of options.
Opening an output file: C:/Users/Usuario/Desktop/EASDA/TERCER CURSO 2022-2023/Diseño Web/GitHub/bea3rys.github.io/Web Personal/carpetas/animaciones/gifs/palette.png.
Successfully opened the file.
detected 12 logical cores
Stream mapping:
  Stream #0:0 -> #0:0 (png (native) -> png (native))
cur_dts is invalid st:0 (0) [init:0 i_done:0 finish:0] (this is harmless if it occurs once at the start per stream)
    Last message repeated 12 times
[graph 0 input from stream 0:0 @ 00000235023d7500] Setting 'video_size' to value '1920x1080'
[graph 0 input from stream 0:0 @ 00000235023d7500] Setting 'pix_fmt' to value '26'
[graph 0 input from stream 0:0 @ 00000235023d7500] Setting 'time_base' to value '1/24'
[graph 0 input from stream 0:0 @ 00000235023d7500] Setting 'pixel_aspect' to value '3937/3937'
[graph 0 input from stream 0:0 @ 00000235023d7500] Setting 'frame_rate' to value '24/1'
[graph 0 input from stream 0:0 @ 00000235023d7500] w:1920 h:1080 pixfmt:rgba tb:1/24 fr:24/1 sar:3937/3937
[format @ 0000023501728940] Setting 'pix_fmts' to value 'rgb24|rgba|rgb48be|rgba64be|pal8|gray|ya8|gray16be|ya16be|monob'
[auto_scaler_0 @ 00000235028dc740] Setting 'flags' to value 'bicubic'
[auto_scaler_0 @ 00000235028dc740] w:iw h:ih flags:'bicubic' interl:0
[Parsed_palettegen_0 @ 000002357fe576c0] auto-inserting filter 'auto_scaler_0' between the filter 'graph 0 input from stream 0:0' and the filter 'Parsed_palettegen_0'
[auto_scaler_1 @ 00000235028dca40] Setting 'flags' to value 'bicubic'
[auto_scaler_1 @ 00000235028dca40] w:iw h:ih flags:'bicubic' interl:0
[format @ 0000023501728940] auto-inserting filter 'auto_scaler_1' between the filter 'Parsed_palettegen_0' and the filter 'format'
[AVFilterGraph @ 00000235017227c0] query_formats: 4 queried, 1 merged, 2 already done, 0 delayed
[auto_scaler_1 @ 00000235028dca40] picking rgba out of 10 ref:bgra alpha:1
[swscaler @ 00000235088b5100] Forcing full internal H chroma due to input having non subsampled chroma
[auto_scaler_0 @ 00000235028dc740] w:1920 h:1080 fmt:rgba sar:3937/3937 -> w:1920 h:1080 fmt:bgra sar:1/1 flags:0x4
[swscaler @ 00000235088d48c0] Forcing full internal H chroma due to input having non subsampled chroma
[auto_scaler_1 @ 00000235028dca40] w:16 h:16 fmt:bgra sar:1/1 -> w:16 h:16 fmt:rgba sar:1/1 flags:0x4
Output #0, image2, to 'C:/Users/Usuario/Desktop/EASDA/TERCER CURSO 2022-2023/Diseño Web/GitHub/bea3rys.github.io/Web Personal/carpetas/animaciones/gifs/palette.png':
  Metadata:
    encoder         : Lavf58.45.100
    Stream #0:0, 0, 1/24: Video: png, 1 reference frame, rgba, 16x16 [SAR 1:1 DAR 1:1], 0/1, q=2-31, 200 kb/s, 24 fps, 24 tbn, 24 tbc
    Metadata:
      encoder         : Lavc58.91.100 png
cur_dts is invalid st:0 (0) [init:1 i_done:0 finish:0] (this is harmless if it occurs once at the start per stream)
    Last message repeated 2 times
[image2 @ 000002350171e700] Opening 'C:/Users/Usuario/Desktop/EASDA/TERCER CURSO 2022-2023/Diseño Web/GitHub/bea3rys.github.io/Web Personal/carpetas/animaciones/gifs/frame0015.png' for reading
[file @ 0000023502814cc0] Setting default whitelist 'file,crypto,data'
[AVIOContext @ 00000235028ddd80] Statistics: 383196 bytes read, 0 seeks
cur_dts is invalid st:0 (0) [init:1 i_done:0 finish:0] (this is harmless if it occurs once at the start per stream)
[image2 @ 000002350171e700] Opening 'C:/Users/Usuario/Desktop/EASDA/TERCER CURSO 2022-2023/Diseño Web/GitHub/bea3rys.github.io/Web Personal/carpetas/animaciones/gifs/frame0016.png' for reading
[file @ 00000235028dde40] Setting default whitelist 'file,crypto,data'
[AVIOContext @ 0000023508cfa140] Statistics: 383196 bytes read, 0 seeks
cur_dts is invalid st:0 (0) [init:1 i_done:0 finish:0] (this is harmless if it occurs once at the start per stream)
[image2 @ 000002350171e700] Opening 'C:/Users/Usuario/Desktop/EASDA/TERCER CURSO 2022-2023/Diseño Web/GitHub/bea3rys.github.io/Web Personal/carpetas/animaciones/gifs/frame0017.png' for reading
[file @ 00000235028dd1c0] Setting default whitelist 'file,crypto,data'
[AVIOContext @ 0000023508cfa680] Statistics: 383196 bytes read, 0 seeks
cur_dts is invalid st:0 (0) [init:1 i_done:0 finish:0] (this is harmless if it occurs once at the start per stream)
[image2 @ 000002350171e700] Opening 'C:/Users/Usuario/Desktop/EASDA/TERCER CURSO 2022-2023/Diseño Web/GitHub/bea3rys.github.io/Web Personal/carpetas/animaciones/gifs/frame0018.png' for reading
[file @ 00000235028dde40] Setting default whitelist 'file,crypto,data'
[AVIOContext @ 0000023508cfa7c0] Statistics: 517666 bytes read, 0 seeks
cur_dts is invalid st:0 (0) [init:1 i_done:0 finish:0] (this is harmless if it occurs once at the start per stream)
[image2 @ 000002350171e700] Opening 'C:/Users/Usuario/Desktop/EASDA/TERCER CURSO 2022-2023/Diseño Web/GitHub/bea3rys.github.io/Web Personal/carpetas/animaciones/gifs/frame0019.png' for reading
[file @ 00000235028ddd00] Setting default whitelist 'file,crypto,data'
[AVIOContext @ 0000023508cfabc0] Statistics: 517666 bytes read, 0 seeks
cur_dts is invalid st:0 (0) [init:1 i_done:0 finish:0] (this is harmless if it occurs once at the start per stream)
[image2 @ 000002350171e700] Opening 'C:/Users/Usuario/Desktop/EASDA/TERCER CURSO 2022-2023/Diseño Web/GitHub/bea3rys.github.io/Web Personal/carpetas/animaciones/gifs/frame0020.png' for reading
[file @ 00000235028ddd00] Setting default whitelist 'file,crypto,data'
[AVIOContext @ 0000023508cfa680] Statistics: 517666 bytes read, 0 seeks
cur_dts is invalid st:0 (0) [init:1 i_done:0 finish:0] (this is harmless if it occurs once at the start per stream)
[image2 @ 000002350171e700] Opening 'C:/Users/Usuario/Desktop/EASDA/TERCER CURSO 2022-2023/Diseño Web/GitHub/bea3rys.github.io/Web Personal/carpetas/animaciones/gifs/frame0021.png' for reading
[file @ 00000235028dd6c0] Setting default whitelist 'file,crypto,data'
[AVIOContext @ 0000023508cfabc0] Statistics: 507322 bytes read, 0 seeks
cur_dts is invalid st:0 (0) [init:1 i_done:0 finish:0] (this is harmless if it occurs once at the start per stream)
[image2 @ 000002350171e700] Opening 'C:/Users/Usuario/Desktop/EASDA/TERCER CURSO 2022-2023/Diseño Web/GitHub/bea3rys.github.io/Web Personal/carpetas/animaciones/gifs/frame0022.png' for reading
[file @ 00000235028dd1c0] Setting default whitelist 'file,crypto,data'
[AVIOContext @ 0000023508cfa280] Statistics: 507322 bytes read, 0 seeks
cur_dts is invalid st:0 (0) [init:1 i_done:0 finish:0] (this is harmless if it occurs once at the start per stream)
[image2 @ 000002350171e700] Opening 'C:/Users/Usuario/Desktop/EASDA/TERCER CURSO 2022-2023/Diseño Web/GitHub/bea3rys.github.io/Web Personal/carpetas/animaciones/gifs/frame0023.png' for reading
[file @ 00000235028dde40] Setting default whitelist 'file,crypto,data'
[AVIOContext @ 0000023508cfa000] Statistics: 507322 bytes read, 0 seeks
cur_dts is invalid st:0 (0) [init:1 i_done:0 finish:0] (this is harmless if it occurs once at the start per stream)
[image2 @ 000002350171e700] Opening 'C:/Users/Usuario/Desktop/EASDA/TERCER CURSO 2022-2023/Diseño Web/GitHub/bea3rys.github.io/Web Personal/carpetas/animaciones/gifs/frame0024.png' for reading
[file @ 00000235028dd940] Setting default whitelist 'file,crypto,data'
[AVIOContext @ 0000023508cfa400] Statistics: 452049 bytes read, 0 seeks
cur_dts is invalid st:0 (0) [init:1 i_done:0 finish:0] (this is harmless if it occurs once at the start per stream)
[image2 @ 000002350171e700] Opening 'C:/Users/Usuario/Desktop/EASDA/TERCER CURSO 2022-2023/Diseño Web/GitHub/bea3rys.github.io/Web Personal/carpetas/animaciones/gifs/frame0025.png' for reading
[file @ 00000235028dde40] Setting default whitelist 'file,crypto,data'
[AVIOContext @ 0000023508cfa540] Statistics: 452049 bytes read, 0 seeks
cur_dts is invalid st:0 (0) [init:1 i_done:0 finish:0] (this is harmless if it occurs once at the start per stream)
[image2 @ 000002350171e700] Opening 'C:/Users/Usuario/Desktop/EASDA/TERCER CURSO 2022-2023/Diseño Web/GitHub/bea3rys.github.io/Web Personal/carpetas/animaciones/gifs/frame0026.png' for reading
[file @ 00000235028dd800] Setting default whitelist 'file,crypto,data'
[AVIOContext @ 0000023508cfa140] Statistics: 452049 bytes read, 0 seeks
cur_dts is invalid st:0 (0) [init:1 i_done:0 finish:0] (this is harmless if it occurs once at the start per stream)
[image2 @ 000002350171e700] Opening 'C:/Users/Usuario/Desktop/EASDA/TERCER CURSO 2022-2023/Diseño Web/GitHub/bea3rys.github.io/Web Personal/carpetas/animaciones/gifs/frame0027.png' for reading
[file @ 00000235028dd940] Setting default whitelist 'file,crypto,data'
[AVIOContext @ 0000023508cfa400] Statistics: 372256 bytes read, 0 seeks
cur_dts is invalid st:0 (0) [init:1 i_done:0 finish:0] (this is harmless if it occurs once at the start per stream)
[image2 @ 000002350171e700] Opening 'C:/Users/Usuario/Desktop/EASDA/TERCER CURSO 2022-2023/Diseño Web/GitHub/bea3rys.github.io/Web Personal/carpetas/animaciones/gifs/frame0028.png' for reading
[file @ 00000235028dd080] Setting default whitelist 'file,crypto,data'
[AVIOContext @ 0000023508cfa000] Statistics: 372256 bytes read, 0 seeks
cur_dts is invalid st:0 (0) [init:1 i_done:0 finish:0] (this is harmless if it occurs once at the start per stream)
[image2 @ 000002350171e700] Opening 'C:/Users/Usuario/Desktop/EASDA/TERCER CURSO 2022-2023/Diseño Web/GitHub/bea3rys.github.io/Web Personal/carpetas/animaciones/gifs/frame0029.png' for reading
[file @ 00000235028dde40] Setting default whitelist 'file,crypto,data'
[AVIOContext @ 0000023508cfaa80] Statistics: 372256 bytes read, 0 seeks
cur_dts is invalid st:0 (0) [init:1 i_done:0 finish:0] (this is harmless if it occurs once at the start per stream)
[image2 @ 000002350171e700] Opening 'C:/Users/Usuario/Desktop/EASDA/TERCER CURSO 2022-2023/Diseño Web/GitHub/bea3rys.github.io/Web Personal/carpetas/animaciones/gifs/frame0030.png' for reading
[file @ 00000235028dd080] Setting default whitelist 'file,crypto,data'
[AVIOContext @ 0000023508cfa7c0] Statistics: 409446 bytes read, 0 seeks
cur_dts is invalid st:0 (0) [init:1 i_done:0 finish:0] (this is harmless if it occurs once at the start per stream)
[image2 @ 000002350171e700] Opening 'C:/Users/Usuario/Desktop/EASDA/TERCER CURSO 2022-2023/Diseño Web/GitHub/bea3rys.github.io/Web Personal/carpetas/animaciones/gifs/frame0031.png' for reading
[file @ 00000235028ddd00] Setting default whitelist 'file,crypto,data'
[AVIOContext @ 0000023508cfa000] Statistics: 409446 bytes read, 0 seeks
cur_dts is invalid st:0 (0) [init:1 i_done:0 finish:0] (this is harmless if it occurs once at the start per stream)
[image2 @ 000002350171e700] Opening 'C:/Users/Usuario/Desktop/EASDA/TERCER CURSO 2022-2023/Diseño Web/GitHub/bea3rys.github.io/Web Personal/carpetas/animaciones/gifs/frame0032.png' for reading
[file @ 00000235028dd580] Setting default whitelist 'file,crypto,data'
[AVIOContext @ 0000023508cfaa80] Statistics: 409446 bytes read, 0 seeks
cur_dts is invalid st:0 (0) [init:1 i_done:0 finish:0] (this is harmless if it occurs once at the start per stream)
[image2 @ 000002350171e700] Opening 'C:/Users/Usuario/Desktop/EASDA/TERCER CURSO 2022-2023/Diseño Web/GitHub/bea3rys.github.io/Web Personal/carpetas/animaciones/gifs/frame0033.png' for reading
[file @ 00000235028dda80] Setting default whitelist 'file,crypto,data'
[AVIOContext @ 0000023508cfa000] Statistics: 409446 bytes read, 0 seeks
cur_dts is invalid st:0 (0) [init:1 i_done:0 finish:0] (this is harmless if it occurs once at the start per stream)
[image2 @ 000002350171e700] Opening 'C:/Users/Usuario/Desktop/EASDA/TERCER CURSO 2022-2023/Diseño Web/GitHub/bea3rys.github.io/Web Personal/carpetas/animaciones/gifs/frame0034.png' for reading
[file @ 00000235028dd080] Setting default whitelist 'file,crypto,data'
[AVIOContext @ 0000023508cfa680] Statistics: 409446 bytes read, 0 seeks
cur_dts is invalid st:0 (0) [init:1 i_done:0 finish:0] (this is harmless if it occurs once at the start per stream)
[image2 @ 000002350171e700] Opening 'C:/Users/Usuario/Desktop/EASDA/TERCER CURSO 2022-2023/Diseño Web/GitHub/bea3rys.github.io/Web Personal/carpetas/animaciones/gifs/frame0035.png' for reading
[file @ 00000235028dde40] Setting default whitelist 'file,crypto,data'
[AVIOContext @ 0000023508cfa680] Statistics: 409446 bytes read, 0 seeks
cur_dts is invalid st:0 (0) [init:1 i_done:0 finish:0] (this is harmless if it occurs once at the start per stream)
[image2 @ 000002350171e700] Opening 'C:/Users/Usuario/Desktop/EASDA/TERCER CURSO 2022-2023/Diseño Web/GitHub/bea3rys.github.io/Web Personal/carpetas/animaciones/gifs/frame0036.png' for reading
[file @ 00000235028dd440] Setting default whitelist 'file,crypto,data'
[AVIOContext @ 0000023508cfa000] Statistics: 409446 bytes read, 0 seeks
cur_dts is invalid st:0 (0) [init:1 i_done:0 finish:0] (this is harmless if it occurs once at the start per stream)
[image2 @ 000002350171e700] Opening 'C:/Users/Usuario/Desktop/EASDA/TERCER CURSO 2022-2023/Diseño Web/GitHub/bea3rys.github.io/Web Personal/carpetas/animaciones/gifs/frame0037.png' for reading
[file @ 00000235028dd440] Setting default whitelist 'file,crypto,data'
[AVIOContext @ 0000023508cfa7c0] Statistics: 409446 bytes read, 0 seeks
cur_dts is invalid st:0 (0) [init:1 i_done:0 finish:0] (this is harmless if it occurs once at the start per stream)
    Last message repeated 12 times
[Parsed_palettegen_0 @ 000002357fe576c0] 255(+1) colors generated out of 17297 colors; ratio=0.014742
cur_dts is invalid st:0 (0) [init:1 i_done:0 finish:0] (this is harmless if it occurs once at the start per stream)
Clipping frame in rate conversion by 0.000008
cur_dts is invalid st:0 (0) [init:1 i_done:0 finish:0] (this is harmless if it occurs once at the start per stream)
[out_0_0 @ 000002350179eec0] EOF on sink link out_0_0:default.
No more output streams to write to, finishing.
[image2 @ 0000023501720e40] Opening 'C:/Users/Usuario/Desktop/EASDA/TERCER CURSO 2022-2023/Diseño Web/GitHub/bea3rys.github.io/Web Personal/carpetas/animaciones/gifs/palette.png' for writing
[file @ 00000235028dda80] Setting default whitelist 'file,crypto,data'
[AVIOContext @ 0000023508cfa000] Statistics: 0 seeks, 1 writeouts
frame=    1 fps=0.0 q=-0.0 Lsize=N/A time=00:00:00.04 bitrate=N/A speed=0.103x    
[AVIOContext @ 000002350171e5c0] Statistics: 0 seeks, 1 writeouts
video:1kB audio:0kB subtitle:0kB other streams:0kB global headers:0kB muxing overhead: unknown
Input file #0 (C:/Users/Usuario/Desktop/EASDA/TERCER CURSO 2022-2023/Diseño Web/GitHub/bea3rys.github.io/Web Personal/carpetas/animaciones/gifs/frame%04d.png):
  Input stream #0:0 (video): 38 packets read (15246807 bytes); 38 frames decoded; 
  Total: 38 packets (15246807 bytes) demuxed
Output file #0 (C:/Users/Usuario/Desktop/EASDA/TERCER CURSO 2022-2023/Diseño Web/GitHub/bea3rys.github.io/Web Personal/carpetas/animaciones/gifs/palette.png):
  Output stream #0:0 (video): 1 frames encoded; 1 packets muxed (1013 bytes); 
  Total: 1 packets (1013 bytes) muxed
38 frames successfully decoded, 0 decoding errors
